<?xml version="1.0" encoding="UTF-8"?>
<testsuite xmlns:xsi="http://www.w3.org/2001/XMLSchema-instance" xsi:noNamespaceSchemaLocation="https://maven.apache.org/surefire/maven-surefire-plugin/xsd/surefire-test-report-3.0.xsd" version="3.0" name="testRunner.TestRunner" time="391.575" tests="8" errors="0" skipped="0" failures="0">
  <properties>
[...]
</properties>
  <testcase name="validating the results of bookshelves" classname="Validate Bookshelves Result" time="22.678">
    <system-out><![CDATA[
Scenario: validating the results of bookshelves            # Features/ValidatingBookshelvesResult.feature:3
  Given the user search for "Bookshelves"                  # stepDefinitions.TC001_ValidatingBookshelvesResult.the_user_search_for(java.lang.String)
  When the user performs all conditions as per description # stepDefinitions.TC001_ValidatingBookshelvesResult.the_user_performs_all_conditions_as_per_description()
Product And Price Details : 
Theodore Engineered Wood Bookshelf In Rustic Walnut Finish - ₹13,280
Harwin Solid Wood Bookshelf In Teak Finish - ₹11,263
Marble Engineered Wood Bookshelf In Walnut Finish - ₹10,980
  Then the user sees the result page of the product        # stepDefinitions.TC001_ValidatingBookshelvesResult.the_user_sees_the_result_page_of_the_product()

    Embedding validating the results of bookshelves [image/png 675435 bytes]

]]></system-out>
    <system-err><![CDATA[Apr 05, 2024 5:40:45 PM org.openqa.selenium.devtools.CdpVersionFinder findNearestMatch
WARNING: Unable to find an exact match for CDP version 120, returning the closest version; found: 119; Please update to a Selenium version that supports CDP version 120
]]></system-err>
  </testcase>
  <testcase name="validating the submenu under LivingStorage" classname="Validate the submenu of LivingStorage Option" time="19.632">
    <system-out><![CDATA[
Scenario: validating the submenu under LivingStorage                     # Features/ValidatingLivingStorageSubMenu.feature:3
  Given the user search for "Bookshelves"                                # stepDefinitions.TC001_ValidatingBookshelvesResult.the_user_search_for(java.lang.String)
  When the user clicks on the LivingStorage Option                       # stepDefinitions.TC002_ValidatingSubMenuOfLivingStorage.the_user_clicks_on_the_living_storage_option()

Submenu under Living Option :
TV Units
Bookshelves
Shoe Racks
Prayer Units
Showcases
Wall Shelves
Entryway & Foyer
Room Divider
Living Room Sets
  Then the user should able to see the submenu present under that option # stepDefinitions.TC002_ValidatingSubMenuOfLivingStorage.the_user_should_able_to_see_the_submenu_present_under_that_option()

    Embedding validating the submenu under LivingStorage [image/png 598805 bytes]

]]></system-out>
    <system-err><![CDATA[Apr 05, 2024 5:41:07 PM org.openqa.selenium.devtools.CdpVersionFinder findNearestMatch
WARNING: Unable to find an exact match for CDP version 120, returning the closest version; found: 119; Please update to a Selenium version that supports CDP version 120
]]></system-err>
  </testcase>
  <testcase name="Validating giftCard with valid,invalid inputs #1" classname="Validate GiftCard DataDriven with Excel" time="59.81">
    <system-out><![CDATA[
Scenario Outline: Validating giftCard with valid,invalid inputs                            # Features/ValidatingTheGiftCard.feature:9
  Given the user navigates to giftCard section                                             # stepDefinitions.TC003_ValidatingGiftCardsSection.the_user_navigates_to_gift_card_section()
  Then user should be redirected to payment page by passing all details with excel row "1" # stepDefinitions.TC003_ValidatingGiftCardsSection.user_should_be_redirected_to_payment_page_by_passing_all_details_with_excel_row(java.lang.String)

    Embedding Validating giftCard with valid,invalid inputs [image/png 1214789 bytes]

]]></system-out>
    <system-err><![CDATA[Apr 05, 2024 5:41:27 PM org.openqa.selenium.devtools.CdpVersionFinder findNearestMatch
WARNING: Unable to find an exact match for CDP version 120, returning the closest version; found: 119; Please update to a Selenium version that supports CDP version 120
]]></system-err>
  </testcase>
  <testcase name="Validating giftCard with valid,invalid inputs #2" classname="Validate GiftCard DataDriven with Excel" time="57.053">
    <system-out><![CDATA[
Scenario Outline: Validating giftCard with valid,invalid inputs                            # Features/ValidatingTheGiftCard.feature:10
  Given the user navigates to giftCard section                                             # stepDefinitions.TC003_ValidatingGiftCardsSection.the_user_navigates_to_gift_card_section()
  Then user should be redirected to payment page by passing all details with excel row "2" # stepDefinitions.TC003_ValidatingGiftCardsSection.user_should_be_redirected_to_payment_page_by_passing_all_details_with_excel_row(java.lang.String)

    Embedding Validating giftCard with valid,invalid inputs [image/png 68612 bytes]

]]></system-out>
    <system-err><![CDATA[Apr 05, 2024 5:42:27 PM org.openqa.selenium.devtools.CdpVersionFinder findNearestMatch
WARNING: Unable to find an exact match for CDP version 120, returning the closest version; found: 119; Please update to a Selenium version that supports CDP version 120
]]></system-err>
  </testcase>
  <testcase name="Validating giftCard with valid,invalid inputs #3" classname="Validate GiftCard DataDriven with Excel" time="57.36">
    <system-out><![CDATA[
Scenario Outline: Validating giftCard with valid,invalid inputs                            # Features/ValidatingTheGiftCard.feature:11
  Given the user navigates to giftCard section                                             # stepDefinitions.TC003_ValidatingGiftCardsSection.the_user_navigates_to_gift_card_section()
  Then user should be redirected to payment page by passing all details with excel row "3" # stepDefinitions.TC003_ValidatingGiftCardsSection.user_should_be_redirected_to_payment_page_by_passing_all_details_with_excel_row(java.lang.String)

    Embedding Validating giftCard with valid,invalid inputs [image/png 1215290 bytes]

]]></system-out>
    <system-err><![CDATA[Apr 05, 2024 5:43:24 PM org.openqa.selenium.devtools.CdpVersionFinder findNearestMatch
WARNING: Unable to find an exact match for CDP version 120, returning the closest version; found: 119; Please update to a Selenium version that supports CDP version 120
]]></system-err>
  </testcase>
  <testcase name="Validating giftCard with valid,invalid inputs #4" classname="Validate GiftCard DataDriven with Excel" time="56.943">
    <system-out><![CDATA[
Scenario Outline: Validating giftCard with valid,invalid inputs                            # Features/ValidatingTheGiftCard.feature:12
  Given the user navigates to giftCard section                                             # stepDefinitions.TC003_ValidatingGiftCardsSection.the_user_navigates_to_gift_card_section()
  Then user should be redirected to payment page by passing all details with excel row "4" # stepDefinitions.TC003_ValidatingGiftCardsSection.user_should_be_redirected_to_payment_page_by_passing_all_details_with_excel_row(java.lang.String)

    Embedding Validating giftCard with valid,invalid inputs [image/png 74775 bytes]

]]></system-out>
    <system-err><![CDATA[Apr 05, 2024 5:44:21 PM org.openqa.selenium.devtools.CdpVersionFinder findNearestMatch
WARNING: Unable to find an exact match for CDP version 120, returning the closest version; found: 119; Please update to a Selenium version that supports CDP version 120
]]></system-err>
  </testcase>
  <testcase name="Validating giftCard with valid,invalid inputs #5" classname="Validate GiftCard DataDriven with Excel" time="56.468">
    <system-out><![CDATA[
Scenario Outline: Validating giftCard with valid,invalid inputs                            # Features/ValidatingTheGiftCard.feature:13
  Given the user navigates to giftCard section                                             # stepDefinitions.TC003_ValidatingGiftCardsSection.the_user_navigates_to_gift_card_section()
  Then user should be redirected to payment page by passing all details with excel row "5" # stepDefinitions.TC003_ValidatingGiftCardsSection.user_should_be_redirected_to_payment_page_by_passing_all_details_with_excel_row(java.lang.String)

    Embedding Validating giftCard with valid,invalid inputs [image/png 1214753 bytes]

]]></system-out>
    <system-err><![CDATA[Apr 05, 2024 5:45:18 PM org.openqa.selenium.devtools.CdpVersionFinder findNearestMatch
WARNING: Unable to find an exact match for CDP version 120, returning the closest version; found: 119; Please update to a Selenium version that supports CDP version 120
]]></system-err>
  </testcase>
  <testcase name="Validating giftCard with valid,invalid inputs #6" classname="Validate GiftCard DataDriven with Excel" time="56.641">
    <system-out><![CDATA[
Scenario Outline: Validating giftCard with valid,invalid inputs                            # Features/ValidatingTheGiftCard.feature:14
  Given the user navigates to giftCard section                                             # stepDefinitions.TC003_ValidatingGiftCardsSection.the_user_navigates_to_gift_card_section()
  Then user should be redirected to payment page by passing all details with excel row "6" # stepDefinitions.TC003_ValidatingGiftCardsSection.user_should_be_redirected_to_payment_page_by_passing_all_details_with_excel_row(java.lang.String)

    Embedding Validating giftCard with valid,invalid inputs [image/png 1215497 bytes]

]]></system-out>
    <system-err><![CDATA[Apr 05, 2024 5:46:15 PM org.openqa.selenium.devtools.CdpVersionFinder findNearestMatch
WARNING: Unable to find an exact match for CDP version 120, returning the closest version; found: 119; Please update to a Selenium version that supports CDP version 120
]]></system-err>
  </testcase>
</testsuite>